<?xml version="1.0" encoding="UTF-8"?>
<!-- Generated by org.testng.reporters.JUnitXMLReporter -->
<testsuite hostname="DESKTOP-OCALJE9" ignored="0" name="Test 1" tests="4" failures="0" timestamp="16 Apr 2020 07:13:14 GMT" time="0.077" errors="0">
  <testcase name="testMethod1" time="0.015" classname="testclasses.TestNG_Preserve2"/>
  <testcase name="testMethod2" time="0.006" classname="testclasses.TestNG_Preserve2"/>
  <testcase name="testMethod1" time="0.003" classname="testclasses.TestNG_Preserve1"/>
  <testcase name="testMethod2" time="0.004" classname="testclasses.TestNG_Preserve1"/>
</testsuite> <!-- Test 1 -->
