<?xml version="1.0" encoding="UTF-8"?>
<!-- Generated by org.testng.reporters.JUnitXMLReporter -->
<testsuite ignored="0" hostname="DESKTOP-GMO2ANI" failures="0" tests="3" name="Login Page" time="16.455" errors="0" timestamp="23 May 2021 17:58:13 GMT">
  <testcase classname="com.qa.hubspot.tests.LoginPageTest" name="verifyLoginPageTitleTest" time="6.107"/>
  <testcase classname="com.qa.hubspot.tests.LoginPageTest" name="verifyForgotPwdLinkTest" time="0.092"/>
  <testcase classname="com.qa.hubspot.tests.LoginPageTest" name="loginTest" time="1.576"/>
</testsuite> <!-- Login Page -->
