<?xml version="1.0" encoding="UTF-8"?>
<!-- Generated by org.testng.reporters.JUnitXMLReporter -->
<testsuite hostname="DESKTOP-GMO2ANI" ignored="0" name="Test" tests="3" failures="1" timestamp="15 May 2021 08:13:58 GMT" time="0.068" errors="0">
  <testcase name="testMethod2" time="0.008" classname="testclasses.TestNG_ReportsAndLogs">
    <failure type="java.lang.AssertionError" message="expected [true] but found [false]">
      <![CDATA[java.lang.AssertionError: expected [true] but found [false]
	at testclasses.TestNG_ReportsAndLogs.testMethod2(TestNG_ReportsAndLogs.java:41)
... Removed 29 stack frames]]>
    </failure>
  </testcase> <!-- testMethod2 -->
  <testcase name="testMethod1" time="0.005" classname="testclasses.TestNG_ReportsAndLogs"/>
  <testcase name="testMethod3" time="0.0" classname="testclasses.TestNG_ReportsAndLogs">
    <skipped/>
  </testcase> <!-- testMethod3 -->
</testsuite> <!-- Test -->
