<?xml version="1.0" encoding="UTF-8"?>
<testng-results ignored="0" total="11" passed="11" failed="0" skipped="0">
  <reporter-output>
  </reporter-output>
  <suite started-at="2021-05-25T20:40:22Z" name="Automation regression suite" finished-at="2021-05-25T20:41:06Z" duration-ms="43990">
    <groups>
    </groups>
    <test started-at="2021-05-25T20:40:22Z" name="Login Page" finished-at="2021-05-25T20:40:42Z" duration-ms="19682">
      <class name="com.qa.hubspot.tests.LoginPageTest">
        <test-method is-config="true" signature="setup()[pri:0, instance:com.qa.hubspot.tests.LoginPageTest@554f0dfb]" started-at="2021-05-25T20:40:22Z" name="setup" finished-at="2021-05-25T20:40:31Z" duration-ms="9246" status="PASS">
          <reporter-output>
          </reporter-output>
        </test-method> <!-- setup -->
        <test-method signature="verifyLoginPageTitleTest()[pri:1, instance:com.qa.hubspot.tests.LoginPageTest@554f0dfb]" started-at="2021-05-25T20:40:31Z" name="verifyLoginPageTitleTest" finished-at="2021-05-25T20:40:32Z" duration-ms="368" status="PASS">
          <reporter-output>
          </reporter-output>
        </test-method> <!-- verifyLoginPageTitleTest -->
        <test-method signature="verifyForgotPwdLinkTest()[pri:2, instance:com.qa.hubspot.tests.LoginPageTest@554f0dfb]" started-at="2021-05-25T20:40:32Z" name="verifyForgotPwdLinkTest" finished-at="2021-05-25T20:40:34Z" duration-ms="1417" status="PASS">
          <reporter-output>
          </reporter-output>
        </test-method> <!-- verifyForgotPwdLinkTest -->
        <test-method signature="loginTest()[pri:3, instance:com.qa.hubspot.tests.LoginPageTest@554f0dfb]" started-at="2021-05-25T20:40:34Z" name="loginTest" finished-at="2021-05-25T20:40:41Z" duration-ms="7238" status="PASS">
          <reporter-output>
          </reporter-output>
        </test-method> <!-- loginTest -->
        <test-method is-config="true" signature="tearDown()[pri:0, instance:com.qa.hubspot.tests.LoginPageTest@554f0dfb]" started-at="2021-05-25T20:40:41Z" name="tearDown" finished-at="2021-05-25T20:40:42Z" duration-ms="768" status="PASS">
          <reporter-output>
          </reporter-output>
        </test-method> <!-- tearDown -->
      </class> <!-- com.qa.hubspot.tests.LoginPageTest -->
    </test> <!-- Login Page -->
    <test started-at="2021-05-25T20:40:22Z" name="Accounts Page" finished-at="2021-05-25T20:40:49Z" duration-ms="26958">
      <class name="com.qa.hubspot.tests.AccountsPageTest">
        <test-method is-config="true" signature="setup()[pri:0, instance:com.qa.hubspot.tests.AccountsPageTest@4c6007fb]" started-at="2021-05-25T20:40:22Z" name="setup" finished-at="2021-05-25T20:40:33Z" duration-ms="11106" status="PASS">
          <reporter-output>
          </reporter-output>
        </test-method> <!-- setup -->
        <test-method is-config="true" signature="AccountsPageSetUp()[pri:0, instance:com.qa.hubspot.tests.AccountsPageTest@4c6007fb]" started-at="2021-05-25T20:40:33Z" name="AccountsPageSetUp" finished-at="2021-05-25T20:40:40Z" duration-ms="7400" status="PASS">
          <reporter-output>
          </reporter-output>
        </test-method> <!-- AccountsPageSetUp -->
        <test-method signature="verifyAccountsPageHeaderTest()[pri:1, instance:com.qa.hubspot.tests.AccountsPageTest@4c6007fb]" started-at="2021-05-25T20:40:40Z" name="verifyAccountsPageHeaderTest" finished-at="2021-05-25T20:40:43Z" duration-ms="2436" status="PASS">
          <reporter-output>
          </reporter-output>
        </test-method> <!-- verifyAccountsPageHeaderTest -->
        <test-method signature="accountsPageTitleTest()[pri:2, instance:com.qa.hubspot.tests.AccountsPageTest@4c6007fb]" started-at="2021-05-25T20:40:43Z" name="accountsPageTitleTest" finished-at="2021-05-25T20:40:43Z" duration-ms="17" status="PASS">
          <reporter-output>
          </reporter-output>
        </test-method> <!-- accountsPageTitleTest -->
        <test-method signature="verifyMyAccountSectionsCountTest()[pri:3, instance:com.qa.hubspot.tests.AccountsPageTest@4c6007fb]" started-at="2021-05-25T20:40:43Z" name="verifyMyAccountSectionsCountTest" finished-at="2021-05-25T20:40:43Z" duration-ms="41" status="PASS">
          <reporter-output>
          </reporter-output>
        </test-method> <!-- verifyMyAccountSectionsCountTest -->
        <test-method signature="verifyMyAccountSectionsListTest()[pri:4, instance:com.qa.hubspot.tests.AccountsPageTest@4c6007fb]" started-at="2021-05-25T20:40:43Z" name="verifyMyAccountSectionsListTest" finished-at="2021-05-25T20:40:43Z" duration-ms="120" status="PASS">
          <reporter-output>
          </reporter-output>
        </test-method> <!-- verifyMyAccountSectionsListTest -->
        <test-method signature="searchTest()[pri:5, instance:com.qa.hubspot.tests.AccountsPageTest@4c6007fb]" started-at="2021-05-25T20:40:43Z" name="searchTest" finished-at="2021-05-25T20:40:48Z" duration-ms="4588" status="PASS">
          <reporter-output>
          </reporter-output>
        </test-method> <!-- searchTest -->
        <test-method is-config="true" signature="tearDown()[pri:0, instance:com.qa.hubspot.tests.AccountsPageTest@4c6007fb]" started-at="2021-05-25T20:40:48Z" name="tearDown" finished-at="2021-05-25T20:40:49Z" duration-ms="1116" status="PASS">
          <reporter-output>
          </reporter-output>
        </test-method> <!-- tearDown -->
      </class> <!-- com.qa.hubspot.tests.AccountsPageTest -->
    </test> <!-- Accounts Page -->
    <test started-at="2021-05-25T20:40:22Z" name="Products Info Page" finished-at="2021-05-25T20:41:06Z" duration-ms="43989">
      <class name="com.qa.hubspot.tests.ProductInfoTest">
        <test-method is-config="true" signature="setup()[pri:0, instance:com.qa.hubspot.tests.ProductInfoTest@7e74a380]" started-at="2021-05-25T20:40:22Z" name="setup" finished-at="2021-05-25T20:40:32Z" duration-ms="10390" status="PASS">
          <reporter-output>
          </reporter-output>
        </test-method> <!-- setup -->
        <test-method is-config="true" signature="productInfoSetUp()[pri:0, instance:com.qa.hubspot.tests.ProductInfoTest@7e74a380]" started-at="2021-05-25T20:40:32Z" name="productInfoSetUp" finished-at="2021-05-25T20:40:40Z" duration-ms="7746" status="PASS">
          <reporter-output>
          </reporter-output>
        </test-method> <!-- productInfoSetUp -->
        <test-method signature="ProductInforPageTitleTest_iMac()[pri:0, instance:com.qa.hubspot.tests.ProductInfoTest@7e74a380]" started-at="2021-05-25T20:40:40Z" name="ProductInforPageTitleTest_iMac" finished-at="2021-05-25T20:40:48Z" duration-ms="8121" status="PASS">
          <reporter-output>
          </reporter-output>
        </test-method> <!-- ProductInforPageTitleTest_iMac -->
        <test-method signature="verifyProductInfoTest_MacBook()[pri:0, instance:com.qa.hubspot.tests.ProductInfoTest@7e74a380]" started-at="2021-05-25T20:40:48Z" name="verifyProductInfoTest_MacBook" finished-at="2021-05-25T20:40:57Z" duration-ms="8419" status="PASS">
          <reporter-output>
          </reporter-output>
        </test-method> <!-- verifyProductInfoTest_MacBook -->
        <test-method signature="verifyProductInfoTest_iMac()[pri:0, instance:com.qa.hubspot.tests.ProductInfoTest@7e74a380]" started-at="2021-05-25T20:40:57Z" name="verifyProductInfoTest_iMac" finished-at="2021-05-25T20:41:05Z" duration-ms="8492" status="PASS">
          <reporter-output>
          </reporter-output>
        </test-method> <!-- verifyProductInfoTest_iMac -->
        <test-method is-config="true" signature="tearDown()[pri:0, instance:com.qa.hubspot.tests.ProductInfoTest@7e74a380]" started-at="2021-05-25T20:41:05Z" name="tearDown" finished-at="2021-05-25T20:41:06Z" duration-ms="768" status="PASS">
          <reporter-output>
          </reporter-output>
        </test-method> <!-- tearDown -->
      </class> <!-- com.qa.hubspot.tests.ProductInfoTest -->
    </test> <!-- Products Info Page -->
  </suite> <!-- Automation regression suite -->
</testng-results>
