<?xml version="1.0" encoding="UTF-8"?>
<!-- Generated by org.testng.reporters.JUnitXMLReporter -->
<testsuite ignored="0" hostname="DESKTOP-GMO2ANI" failures="0" tests="5" name="Accounts Page" time="26.958" errors="0" timestamp="25 May 2021 20:40:49 GMT">
  <testcase classname="com.qa.hubspot.tests.AccountsPageTest" name="verifyAccountsPageHeaderTest" time="2.436"/>
  <testcase classname="com.qa.hubspot.tests.AccountsPageTest" name="accountsPageTitleTest" time="0.017"/>
  <testcase classname="com.qa.hubspot.tests.AccountsPageTest" name="verifyMyAccountSectionsCountTest" time="0.041"/>
  <testcase classname="com.qa.hubspot.tests.AccountsPageTest" name="verifyMyAccountSectionsListTest" time="0.12"/>
  <testcase classname="com.qa.hubspot.tests.AccountsPageTest" name="searchTest" time="4.588"/>
</testsuite> <!-- Accounts Page -->
