<?xml version="1.0" encoding="UTF-8"?>
<!-- Generated by org.testng.reporters.JUnitXMLReporter -->
<testsuite ignored="0" hostname="DESKTOP-GMO2ANI" failures="0" tests="3" name="Login Page" time="19.682" errors="0" timestamp="25 May 2021 20:40:42 GMT">
  <testcase classname="com.qa.hubspot.tests.LoginPageTest" name="verifyLoginPageTitleTest" time="0.368"/>
  <testcase classname="com.qa.hubspot.tests.LoginPageTest" name="verifyForgotPwdLinkTest" time="1.417"/>
  <testcase classname="com.qa.hubspot.tests.LoginPageTest" name="loginTest" time="7.238"/>
</testsuite> <!-- Login Page -->
