<?xml version="1.0" encoding="UTF-8"?>
<!-- Generated by org.testng.reporters.JUnitXMLReporter -->
<testsuite ignored="0" hostname="DESKTOP-GMO2ANI" failures="0" tests="3" name="Default test" time="13.887" errors="0" timestamp="25 May 2021 20:15:23 GMT">
  <testcase classname="com.qa.hubspot.tests.LoginPageTest" name="verifyLoginPageTitleTest" time="0.268"/>
  <testcase classname="com.qa.hubspot.tests.LoginPageTest" name="verifyForgotPwdLinkTest" time="0.092"/>
  <testcase classname="com.qa.hubspot.tests.LoginPageTest" name="loginTest" time="2.488"/>
</testsuite> <!-- Default test -->
