<?xml version="1.0" encoding="UTF-8"?>
<testng-results total="2" passed="2" failed="0" skipped="0">
  <reporter-output>
  </reporter-output>
  <suite started-at="2021-05-16T08:58:33Z" name="Suite" finished-at="2021-05-16T08:59:07Z" duration-ms="33984">
    <groups>
      <group name="cucumber">
        <method signature="AbstractTestNGCucumberTests.feature(cucumber.api.testng.CucumberFeatureWrapper)[pri:0, instance:runner.RunCuke@394df057]" name="feature" class="cucumber.api.testng.AbstractTestNGCucumberTests"/>
      </group> <!-- cucumber -->
    </groups>
    <test started-at="2021-05-16T08:58:33Z" name="Test" finished-at="2021-05-16T08:59:07Z" duration-ms="33984">
      <class name="runner.RunCuke">
        <test-method is-config="true" signature="setUpClass()[pri:0, instance:runner.RunCuke@394df057]" started-at="2021-05-16T14:28:33Z" name="setUpClass" finished-at="2021-05-16T14:28:33Z" duration-ms="277" status="PASS">
          <reporter-output>
          </reporter-output>
        </test-method> <!-- setUpClass -->
        <test-method is-config="true" signature="setup()[pri:0, instance:runner.RunCuke@394df057]" started-at="2021-05-16T14:28:33Z" name="setup" finished-at="2021-05-16T14:28:34Z" duration-ms="227" status="PASS">
          <reporter-output>
          </reporter-output>
        </test-method> <!-- setup -->
        <test-method signature="feature(cucumber.api.testng.CucumberFeatureWrapper)[pri:0, instance:runner.RunCuke@394df057]" started-at="2021-05-16T14:28:34Z" name="feature" description="Runs Cucumber Feature" data-provider="features" finished-at="2021-05-16T14:28:56Z" duration-ms="22563" status="PASS">
          <params>
            <param index="0">
              <value>
                <![CDATA[Acceptance testing to validate search cars page is working]]>
              </value>
            </param>
          </params>
          <reporter-output>
          </reporter-output>
        </test-method> <!-- feature -->
        <test-method signature="feature(cucumber.api.testng.CucumberFeatureWrapper)[pri:0, instance:runner.RunCuke@394df057]" started-at="2021-05-16T14:28:56Z" name="feature" description="Runs Cucumber Feature" data-provider="features" finished-at="2021-05-16T14:29:07Z" duration-ms="10730" status="PASS">
          <params>
            <param index="0">
              <value>
                <![CDATA[Acceptance testing to validate Search Cars Page is working.]]>
              </value>
            </param>
          </params>
          <reporter-output>
          </reporter-output>
        </test-method> <!-- feature -->
        <test-method is-config="true" signature="tearDownClass()[pri:0, instance:runner.RunCuke@394df057]" started-at="2021-05-16T14:29:07Z" name="tearDownClass" finished-at="2021-05-16T14:29:07Z" duration-ms="78" status="PASS">
          <reporter-output>
          </reporter-output>
        </test-method> <!-- tearDownClass -->
      </class> <!-- runner.RunCuke -->
    </test> <!-- Test -->
  </suite> <!-- Suite -->
</testng-results>
